\BOOKMARK [0][-]{section.0.1}{\376\377\000C\000o\000n\000t\000e\000\372\000d\000o}{}% 1
\BOOKMARK [0][-]{section.0.2}{\376\377\000L\000i\000s\000t\000a\000\040\000d\000e\000\040\000F\000i\000g\000u\000r\000a\000s}{}% 2
\BOOKMARK [0][-]{section.0.3}{\376\377\000L\000i\000s\000t\000a\000\040\000d\000e\000\040\000T\000a\000b\000e\000l\000a\000s}{}% 3
\BOOKMARK [0][-]{chapter.1}{\376\377\000I\000n\000t\000r\000o\000d\000u\000\347\000\343\000o}{}% 4
\BOOKMARK [1][-]{section.1.1}{\376\377\000O\000p\000\347\000\365\000e\000s}{chapter.1}% 5
\BOOKMARK [1][-]{section.1.2}{\376\377\000P\000r\000o\000b\000l\000e\000m\000a\000s\000\040\000c\000o\000n\000h\000e\000c\000i\000d\000o\000s}{chapter.1}% 6
\BOOKMARK [0][-]{chapter.2}{\376\377\000A\000l\000g\000u\000n\000s\000\040\000t\000r\000u\000q\000u\000e\000s\000\040\000\372\000t\000e\000i\000s}{}% 7
\BOOKMARK [1][-]{section.2.1}{\376\377\000M\000a\000i\000s\000\040\000a\000l\000g\000u\000n\000s\000\040\000e\000x\000e\000m\000p\000l\000o\000s\000,\000\040\000a\000g\000o\000r\000a\000\040\000s\000e\000m\000\040\000q\000u\000a\000l\000q\000u\000e\000r\000\040\000e\000x\000p\000l\000i\000c\000a\000\347\000\343\000o}{chapter.2}% 8
\BOOKMARK [0][-]{chapter.3}{\376\377\000`\000`\000F\000u\000n\000'\000'}{}% 9
\BOOKMARK [1][-]{section.3.1}{\376\377\000O\000s\000\040\000p\000r\000i\000m\000e\000i\000r\000o\000s\000\040\000c\000e\000m\000\040\000n\000\372\000m\000e\000r\000o\000s\000\040\000p\000r\000i\000m\000o\000s}{chapter.3}% 10
\BOOKMARK [0][-]{chapter.4}{\376\377\000L\000i\000x\000o\000\040\0002}{}% 11
\BOOKMARK [1][-]{section.4.1}{\376\377\000L\000i\000x\000o\000\040\0002\000.\0001}{chapter.4}% 12
\BOOKMARK [2][-]{subsection.4.1.1}{\376\377\000L\000i\000x\000o\000\040\0002\000.\0001\000.\0001}{section.4.1}% 13
\BOOKMARK [2][-]{subsection.4.1.2}{\376\377\000L\000i\000x\000o\000\040\0002\000.\0001\000.\0002}{section.4.1}% 14
\BOOKMARK [3][-]{section*.4}{\376\377\000L\000i\000x\000o\000\040\0002\000.\0001\000.\0002\000.\0001}{subsection.4.1.2}% 15
\BOOKMARK [3][-]{section*.5}{\376\377\000L\000i\000x\000o\000\040\0002\000.\0001\000.\0002\000.\0002}{subsection.4.1.2}% 16
\BOOKMARK [1][-]{section.4.2}{\376\377\000L\000i\000x\000o\000\040\0002\000.\0002}{chapter.4}% 17
\BOOKMARK [1][-]{section.4.3}{\376\377\000L\000i\000x\000o\000\040\0002\000.\0003}{chapter.4}% 18
\BOOKMARK [2][-]{subsection.4.3.1}{\376\377\000L\000i\000x\000o\000\040\0002\000.\0003\000.\0001}{section.4.3}% 19
\BOOKMARK [2][-]{subsection.4.3.2}{\376\377\000L\000i\000x\000o\000\040\0002\000.\0003\000.\0002}{section.4.3}% 20
\BOOKMARK [2][-]{subsection.4.3.3}{\376\377\000L\000i\000x\000o\000\040\0002\000.\0003\000.\0003}{section.4.3}% 21
\BOOKMARK [2][-]{subsection.4.3.4}{\376\377\000L\000i\000x\000o\000\040\0002\000.\0003\000.\0004}{section.4.3}% 22
\BOOKMARK [2][-]{subsection.4.3.5}{\376\377\000L\000i\000x\000o\000\040\0002\000.\0003\000.\0005}{section.4.3}% 23
\BOOKMARK [2][-]{subsection.4.3.6}{\376\377\000L\000i\000x\000o\000\040\0002\000.\0003\000.\0006}{section.4.3}% 24
\BOOKMARK [1][-]{section.4.4}{\376\377\000L\000i\000x\000o\000\040\0002\000.\0004}{chapter.4}% 25
\BOOKMARK [1][-]{section.4.5}{\376\377\000L\000i\000x\000o\000\040\0002\000.\0005}{chapter.4}% 26
\BOOKMARK [1][-]{section.4.6}{\376\377\000L\000i\000x\000o\000\040\0002\000.\0006}{chapter.4}% 27
\BOOKMARK [0][-]{chapter.5}{\376\377\000L\000i\000x\000o\000\040\0003}{}% 28
\BOOKMARK [1][-]{section.5.1}{\376\377\000L\000i\000x\000o\000\040\0003\000.\0001}{chapter.5}% 29
\BOOKMARK [2][-]{subsection.5.1.1}{\376\377\000L\000i\000x\000o\000\040\0003\000.\0001\000.\0001}{section.5.1}% 30
\BOOKMARK [2][-]{subsection.5.1.2}{\376\377\000L\000i\000x\000o\000\040\0003\000.\0001\000.\0002}{section.5.1}% 31
\BOOKMARK [1][-]{section.5.2}{\376\377\000L\000i\000x\000o\000\040\0003\000.\0002}{chapter.5}% 32
\BOOKMARK [1][-]{section.5.3}{\376\377\000L\000i\000x\000o\000\040\0003\000.\0003}{chapter.5}% 33
\BOOKMARK [2][-]{subsection.5.3.1}{\376\377\000L\000i\000x\000o\000\040\0003\000.\0003\000.\0001}{section.5.3}% 34
\BOOKMARK [2][-]{subsection.5.3.2}{\376\377\000L\000i\000x\000o\000\040\0003\000.\0003\000.\0002}{section.5.3}% 35
\BOOKMARK [2][-]{subsection.5.3.3}{\376\377\000L\000i\000x\000o\000\040\0003\000.\0003\000.\0003}{section.5.3}% 36
\BOOKMARK [2][-]{subsection.5.3.4}{\376\377\000L\000i\000x\000o\000\040\0003\000.\0003\000.\0004}{section.5.3}% 37
\BOOKMARK [2][-]{subsection.5.3.5}{\376\377\000L\000i\000x\000o\000\040\0003\000.\0003\000.\0005}{section.5.3}% 38
\BOOKMARK [1][-]{section.5.4}{\376\377\000L\000i\000x\000o\000\040\0003\000.\0004}{chapter.5}% 39
\BOOKMARK [1][-]{section.5.5}{\376\377\000L\000i\000x\000o\000\040\0003\000.\0005}{chapter.5}% 40
\BOOKMARK [1][-]{section.5.6}{\376\377\000L\000i\000x\000o\000\040\0003\000.\0006}{chapter.5}% 41
\BOOKMARK [1][-]{section.5.7}{\376\377\000L\000i\000x\000o\000\040\0003\000.\0007}{chapter.5}% 42
\BOOKMARK [1][-]{section.5.8}{\376\377\000L\000i\000x\000o\000\040\0003\000.\0008}{chapter.5}% 43
\BOOKMARK [1][-]{section.5.9}{\376\377\000L\000i\000x\000o\000\040\0003\000.\0009}{chapter.5}% 44
\BOOKMARK [0][-]{chapter.6}{\376\377\000C\000o\000n\000c\000l\000u\000s\000\365\000e\000s}{}% 45
\BOOKMARK [0][-]{section.6.1}{\376\377\000B\000i\000b\000l\000i\000o\000g\000r\000a\000f\000i\000a}{}% 46
