Analysis & Synthesis report for MaqLavar
Sun Jun 19 23:18:48 2022
Quartus Prime Version 20.1.1 Build 720 11/11/2020 SJ Lite Edition


---------------------
; Table of Contents ;
---------------------
  1. Legal Notice
  2. Analysis & Synthesis Summary
  3. Analysis & Synthesis Settings
  4. Parallel Compilation
  5. Analysis & Synthesis Source Files Read
  6. Analysis & Synthesis Resource Usage Summary
  7. Analysis & Synthesis Resource Utilization by Entity
  8. State Machine - |MaqLavar|FSM:FSMUnit|pState
  9. User-Specified and Inferred Latches
 10. General Register Statistics
 11. Inverted Register Statistics
 12. Multiplexer Restructuring Statistics (Restructuring Performed)
 13. Parameter Settings for User Entity Instance: registerUnit:registerBlock|DebounceUnit:debounceReset
 14. Parameter Settings for User Entity Instance: registerUnit:registerBlock|DebounceUnit:debounceStartStop
 15. Parameter Settings for User Entity Instance: PulseGen:pulseGenUnit
 16. Parameter Settings for Inferred Entity Instance: display:displayUnit|bin2bcd:bin2bcdTime|lpm_divide:Mod0
 17. Parameter Settings for Inferred Entity Instance: display:displayUnit|bin2bcd:bin2bcdTime|lpm_divide:Div0
 18. Post-Synthesis Netlist Statistics for Top Partition
 19. Elapsed Time Per Partition
 20. Analysis & Synthesis Messages



----------------
; Legal Notice ;
----------------
Copyright (C) 2020  Intel Corporation. All rights reserved.
Your use of Intel Corporation's design tools, logic functions 
and other software and tools, and any partner logic 
functions, and any output files from any of the foregoing 
(including device programming or simulation files), and any 
associated documentation or information are expressly subject 
to the terms and conditions of the Intel Program License 
Subscription Agreement, the Intel Quartus Prime License Agreement,
the Intel FPGA IP License Agreement, or other applicable license
agreement, including, without limitation, that your use is for
the sole purpose of programming logic devices manufactured by
Intel and sold by Intel or its authorized distributors.  Please
refer to the applicable agreement for further details, at
https://fpgasoftware.intel.com/eula.



+----------------------------------------------------------------------------------+
; Analysis & Synthesis Summary                                                     ;
+------------------------------------+---------------------------------------------+
; Analysis & Synthesis Status        ; Successful - Sun Jun 19 23:18:48 2022       ;
; Quartus Prime Version              ; 20.1.1 Build 720 11/11/2020 SJ Lite Edition ;
; Revision Name                      ; MaqLavar                                    ;
; Top-level Entity Name              ; MaqLavar                                    ;
; Family                             ; Cyclone IV E                                ;
; Total logic elements               ; 344                                         ;
;     Total combinational functions  ; 338                                         ;
;     Dedicated logic registers      ; 105                                         ;
; Total registers                    ; 105                                         ;
; Total pins                         ; 54                                          ;
; Total virtual pins                 ; 0                                           ;
; Total memory bits                  ; 0                                           ;
; Embedded Multiplier 9-bit elements ; 0                                           ;
; Total PLLs                         ; 0                                           ;
+------------------------------------+---------------------------------------------+


+------------------------------------------------------------------------------------------------------------+
; Analysis & Synthesis Settings                                                                              ;
+------------------------------------------------------------------+--------------------+--------------------+
; Option                                                           ; Setting            ; Default Value      ;
+------------------------------------------------------------------+--------------------+--------------------+
; Device                                                           ; EP4CE115F29C7      ;                    ;
; Top-level entity name                                            ; MaqLavar           ; MaqLavar           ;
; Family name                                                      ; Cyclone IV E       ; Cyclone V          ;
; Use smart compilation                                            ; Off                ; Off                ;
; Enable parallel Assembler and Timing Analyzer during compilation ; On                 ; On                 ;
; Enable compact report table                                      ; Off                ; Off                ;
; Restructure Multiplexers                                         ; Auto               ; Auto               ;
; Create Debugging Nodes for IP Cores                              ; Off                ; Off                ;
; Preserve fewer node names                                        ; On                 ; On                 ;
; Intel FPGA IP Evaluation Mode                                    ; Enable             ; Enable             ;
; Verilog Version                                                  ; Verilog_2001       ; Verilog_2001       ;
; VHDL Version                                                     ; VHDL_1993          ; VHDL_1993          ;
; State Machine Processing                                         ; Auto               ; Auto               ;
; Safe State Machine                                               ; Off                ; Off                ;
; Extract Verilog State Machines                                   ; On                 ; On                 ;
; Extract VHDL State Machines                                      ; On                 ; On                 ;
; Ignore Verilog initial constructs                                ; Off                ; Off                ;
; Iteration limit for constant Verilog loops                       ; 5000               ; 5000               ;
; Iteration limit for non-constant Verilog loops                   ; 250                ; 250                ;
; Add Pass-Through Logic to Inferred RAMs                          ; On                 ; On                 ;
; Infer RAMs from Raw Logic                                        ; On                 ; On                 ;
; Parallel Synthesis                                               ; On                 ; On                 ;
; DSP Block Balancing                                              ; Auto               ; Auto               ;
; NOT Gate Push-Back                                               ; On                 ; On                 ;
; Power-Up Don't Care                                              ; On                 ; On                 ;
; Remove Redundant Logic Cells                                     ; Off                ; Off                ;
; Remove Duplicate Registers                                       ; On                 ; On                 ;
; Ignore CARRY Buffers                                             ; Off                ; Off                ;
; Ignore CASCADE Buffers                                           ; Off                ; Off                ;
; Ignore GLOBAL Buffers                                            ; Off                ; Off                ;
; Ignore ROW GLOBAL Buffers                                        ; Off                ; Off                ;
; Ignore LCELL Buffers                                             ; Off                ; Off                ;
; Ignore SOFT Buffers                                              ; On                 ; On                 ;
; Limit AHDL Integers to 32 Bits                                   ; Off                ; Off                ;
; Optimization Technique                                           ; Balanced           ; Balanced           ;
; Carry Chain Length                                               ; 70                 ; 70                 ;
; Auto Carry Chains                                                ; On                 ; On                 ;
; Auto Open-Drain Pins                                             ; On                 ; On                 ;
; Perform WYSIWYG Primitive Resynthesis                            ; Off                ; Off                ;
; Auto ROM Replacement                                             ; On                 ; On                 ;
; Auto RAM Replacement                                             ; On                 ; On                 ;
; Auto DSP Block Replacement                                       ; On                 ; On                 ;
; Auto Shift Register Replacement                                  ; Auto               ; Auto               ;
; Allow Shift Register Merging across Hierarchies                  ; Auto               ; Auto               ;
; Auto Clock Enable Replacement                                    ; On                 ; On                 ;
; Strict RAM Replacement                                           ; Off                ; Off                ;
; Allow Synchronous Control Signals                                ; On                 ; On                 ;
; Force Use of Synchronous Clear Signals                           ; Off                ; Off                ;
; Auto RAM Block Balancing                                         ; On                 ; On                 ;
; Auto RAM to Logic Cell Conversion                                ; Off                ; Off                ;
; Auto Resource Sharing                                            ; Off                ; Off                ;
; Allow Any RAM Size For Recognition                               ; Off                ; Off                ;
; Allow Any ROM Size For Recognition                               ; Off                ; Off                ;
; Allow Any Shift Register Size For Recognition                    ; Off                ; Off                ;
; Use LogicLock Constraints during Resource Balancing              ; On                 ; On                 ;
; Ignore translate_off and synthesis_off directives                ; Off                ; Off                ;
; Timing-Driven Synthesis                                          ; On                 ; On                 ;
; Report Parameter Settings                                        ; On                 ; On                 ;
; Report Source Assignments                                        ; On                 ; On                 ;
; Report Connectivity Checks                                       ; On                 ; On                 ;
; Ignore Maximum Fan-Out Assignments                               ; Off                ; Off                ;
; Synchronization Register Chain Length                            ; 2                  ; 2                  ;
; Power Optimization During Synthesis                              ; Normal compilation ; Normal compilation ;
; HDL message level                                                ; Level2             ; Level2             ;
; Suppress Register Optimization Related Messages                  ; Off                ; Off                ;
; Number of Removed Registers Reported in Synthesis Report         ; 5000               ; 5000               ;
; Number of Swept Nodes Reported in Synthesis Report               ; 5000               ; 5000               ;
; Number of Inverted Registers Reported in Synthesis Report        ; 100                ; 100                ;
; Clock MUX Protection                                             ; On                 ; On                 ;
; Auto Gated Clock Conversion                                      ; Off                ; Off                ;
; Block Design Naming                                              ; Auto               ; Auto               ;
; SDC constraint protection                                        ; Off                ; Off                ;
; Synthesis Effort                                                 ; Auto               ; Auto               ;
; Shift Register Replacement - Allow Asynchronous Clear Signal     ; On                 ; On                 ;
; Pre-Mapping Resynthesis Optimization                             ; Off                ; Off                ;
; Analysis & Synthesis Message Level                               ; Medium             ; Medium             ;
; Disable Register Merging Across Hierarchies                      ; Auto               ; Auto               ;
; Resource Aware Inference For Block RAM                           ; On                 ; On                 ;
+------------------------------------------------------------------+--------------------+--------------------+


+------------------------------------------+
; Parallel Compilation                     ;
+----------------------------+-------------+
; Processors                 ; Number      ;
+----------------------------+-------------+
; Number detected on machine ; 8           ;
; Maximum allowed            ; 4           ;
;                            ;             ;
; Average used               ; 1.00        ;
; Maximum used               ; 4           ;
;                            ;             ;
; Usage by Processor         ; % Time Used ;
;     Processor 1            ; 100.0%      ;
;     Processor 2            ;   0.0%      ;
;     Processors 3-4         ;   0.0%      ;
+----------------------------+-------------+


+--------------------------------------------------------------------------------------------------------------------------------------------------------------------------+
; Analysis & Synthesis Source Files Read                                                                                                                                   ;
+----------------------------------+-----------------+------------------------------+----------------------------------------------------------------------------+---------+
; File Name with User-Entered Path ; Used in Netlist ; File Type                    ; File Name with Absolute Path                                               ; Library ;
+----------------------------------+-----------------+------------------------------+----------------------------------------------------------------------------+---------+
; FSM.vhd                          ; yes             ; User VHDL File               ; C:/Users/gonga/Downloads/UA/Sem2/LSD/LSDProjeto/FSM.vhd                    ;         ;
; DebounceUnit.vhd                 ; yes             ; User VHDL File               ; C:/Users/gonga/Downloads/UA/Sem2/LSD/LSDProjeto/DebounceUnit.vhd           ;         ;
; Display.vhd                      ; yes             ; User VHDL File               ; C:/Users/gonga/Downloads/UA/Sem2/LSD/LSDProjeto/Display.vhd                ;         ;
; Timer.vhd                        ; yes             ; User VHDL File               ; C:/Users/gonga/Downloads/UA/Sem2/LSD/LSDProjeto/Timer.vhd                  ;         ;
; bcd7seg.vhd                      ; yes             ; User VHDL File               ; C:/Users/gonga/Downloads/UA/Sem2/LSD/LSDProjeto/bcd7seg.vhd                ;         ;
; registerUnit.vhd                 ; yes             ; User VHDL File               ; C:/Users/gonga/Downloads/UA/Sem2/LSD/LSDProjeto/registerUnit.vhd           ;         ;
; PulseGen.vhd                     ; yes             ; User VHDL File               ; C:/Users/gonga/Downloads/UA/Sem2/LSD/LSDProjeto/PulseGen.vhd               ;         ;
; MaqLavar.vhd                     ; yes             ; User VHDL File               ; C:/Users/gonga/Downloads/UA/Sem2/LSD/LSDProjeto/MaqLavar.vhd               ;         ;
; bin2bcd.vhd                      ; yes             ; User VHDL File               ; C:/Users/gonga/Downloads/UA/Sem2/LSD/LSDProjeto/bin2bcd.vhd                ;         ;
; lpm_divide.tdf                   ; yes             ; Megafunction                 ; c:/intelfpga_lite/20.1/quartus/libraries/megafunctions/lpm_divide.tdf      ;         ;
; abs_divider.inc                  ; yes             ; Megafunction                 ; c:/intelfpga_lite/20.1/quartus/libraries/megafunctions/abs_divider.inc     ;         ;
; sign_div_unsign.inc              ; yes             ; Megafunction                 ; c:/intelfpga_lite/20.1/quartus/libraries/megafunctions/sign_div_unsign.inc ;         ;
; aglobal201.inc                   ; yes             ; Megafunction                 ; c:/intelfpga_lite/20.1/quartus/libraries/megafunctions/aglobal201.inc      ;         ;
; db/lpm_divide_m9m.tdf            ; yes             ; Auto-Generated Megafunction  ; C:/Users/gonga/Downloads/UA/Sem2/LSD/LSDProjeto/db/lpm_divide_m9m.tdf      ;         ;
; db/sign_div_unsign_bkh.tdf       ; yes             ; Auto-Generated Megafunction  ; C:/Users/gonga/Downloads/UA/Sem2/LSD/LSDProjeto/db/sign_div_unsign_bkh.tdf ;         ;
; db/alt_u_div_a4f.tdf             ; yes             ; Auto-Generated Megafunction  ; C:/Users/gonga/Downloads/UA/Sem2/LSD/LSDProjeto/db/alt_u_div_a4f.tdf       ;         ;
; db/add_sub_7pc.tdf               ; yes             ; Auto-Generated Megafunction  ; C:/Users/gonga/Downloads/UA/Sem2/LSD/LSDProjeto/db/add_sub_7pc.tdf         ;         ;
; db/add_sub_8pc.tdf               ; yes             ; Auto-Generated Megafunction  ; C:/Users/gonga/Downloads/UA/Sem2/LSD/LSDProjeto/db/add_sub_8pc.tdf         ;         ;
; db/lpm_divide_jhm.tdf            ; yes             ; Auto-Generated Megafunction  ; C:/Users/gonga/Downloads/UA/Sem2/LSD/LSDProjeto/db/lpm_divide_jhm.tdf      ;         ;
+----------------------------------+-----------------+------------------------------+----------------------------------------------------------------------------+---------+


+--------------------------------------------------------------+
; Analysis & Synthesis Resource Usage Summary                  ;
+---------------------------------------------+----------------+
; Resource                                    ; Usage          ;
+---------------------------------------------+----------------+
; Estimated Total logic elements              ; 344            ;
;                                             ;                ;
; Total combinational functions               ; 338            ;
; Logic element usage by number of LUT inputs ;                ;
;     -- 4 input functions                    ; 127            ;
;     -- 3 input functions                    ; 61             ;
;     -- <=2 input functions                  ; 150            ;
;                                             ;                ;
; Logic elements by mode                      ;                ;
;     -- normal mode                          ; 238            ;
;     -- arithmetic mode                      ; 100            ;
;                                             ;                ;
; Total registers                             ; 105            ;
;     -- Dedicated logic registers            ; 105            ;
;     -- I/O registers                        ; 0              ;
;                                             ;                ;
; I/O pins                                    ; 54             ;
;                                             ;                ;
; Embedded Multiplier 9-bit elements          ; 0              ;
;                                             ;                ;
; Maximum fan-out node                        ; CLOCK_50~input ;
; Maximum fan-out                             ; 105            ;
; Total fan-out                               ; 1341           ;
; Average fan-out                             ; 2.43           ;
+---------------------------------------------+----------------+


+------------------------------------------------------------------------------------------------------------------------------------------------------------------------------------------------------------------------------------------------------------------------------------------------------------------------------------------------------------------+
; Analysis & Synthesis Resource Utilization by Entity                                                                                                                                                                                                                                                                                                              ;
+----------------------------------------------+---------------------+---------------------------+-------------+--------------+---------+-----------+------+--------------+---------------------------------------------------------------------------------------------------------------------------------------------------+---------------------+--------------+
; Compilation Hierarchy Node                   ; Combinational ALUTs ; Dedicated Logic Registers ; Memory Bits ; DSP Elements ; DSP 9x9 ; DSP 18x18 ; Pins ; Virtual Pins ; Full Hierarchy Name                                                                                                                               ; Entity Name         ; Library Name ;
+----------------------------------------------+---------------------+---------------------------+-------------+--------------+---------+-----------+------+--------------+---------------------------------------------------------------------------------------------------------------------------------------------------+---------------------+--------------+
; |MaqLavar                                    ; 338 (0)             ; 105 (3)                   ; 0           ; 0            ; 0       ; 0         ; 54   ; 0            ; |MaqLavar                                                                                                                                         ; MaqLavar            ; work         ;
;    |FSM:FSMUnit|                             ; 43 (43)             ; 10 (10)                   ; 0           ; 0            ; 0       ; 0         ; 0    ; 0            ; |MaqLavar|FSM:FSMUnit                                                                                                                             ; FSM                 ; work         ;
;    |PulseGen:pulseGenUnit|                   ; 37 (37)             ; 27 (27)                   ; 0           ; 0            ; 0       ; 0         ; 0    ; 0            ; |MaqLavar|PulseGen:pulseGenUnit                                                                                                                   ; PulseGen            ; work         ;
;    |Timer:timerAux|                          ; 31 (31)             ; 9 (9)                     ; 0           ; 0            ; 0       ; 0         ; 0    ; 0            ; |MaqLavar|Timer:timerAux                                                                                                                          ; Timer               ; work         ;
;    |display:displayUnit|                     ; 91 (0)              ; 0 (0)                     ; 0           ; 0            ; 0       ; 0         ; 0    ; 0            ; |MaqLavar|display:displayUnit                                                                                                                     ; display             ; work         ;
;       |bcd7seg:bcd7segProgram|               ; 4 (4)               ; 0 (0)                     ; 0           ; 0            ; 0       ; 0         ; 0    ; 0            ; |MaqLavar|display:displayUnit|bcd7seg:bcd7segProgram                                                                                              ; bcd7seg             ; work         ;
;       |bcd7seg:bcd7segTimeL|                 ; 7 (7)               ; 0 (0)                     ; 0           ; 0            ; 0       ; 0         ; 0    ; 0            ; |MaqLavar|display:displayUnit|bcd7seg:bcd7segTimeL                                                                                                ; bcd7seg             ; work         ;
;       |bcd7seg:bcd7segTimeR|                 ; 7 (7)               ; 0 (0)                     ; 0           ; 0            ; 0       ; 0         ; 0    ; 0            ; |MaqLavar|display:displayUnit|bcd7seg:bcd7segTimeR                                                                                                ; bcd7seg             ; work         ;
;       |bin2bcd:bin2bcdTime|                  ; 73 (7)              ; 0 (0)                     ; 0           ; 0            ; 0       ; 0         ; 0    ; 0            ; |MaqLavar|display:displayUnit|bin2bcd:bin2bcdTime                                                                                                 ; bin2bcd             ; work         ;
;          |lpm_divide:Div0|                   ; 33 (0)              ; 0 (0)                     ; 0           ; 0            ; 0       ; 0         ; 0    ; 0            ; |MaqLavar|display:displayUnit|bin2bcd:bin2bcdTime|lpm_divide:Div0                                                                                 ; lpm_divide          ; work         ;
;             |lpm_divide_jhm:auto_generated|  ; 33 (0)              ; 0 (0)                     ; 0           ; 0            ; 0       ; 0         ; 0    ; 0            ; |MaqLavar|display:displayUnit|bin2bcd:bin2bcdTime|lpm_divide:Div0|lpm_divide_jhm:auto_generated                                                   ; lpm_divide_jhm      ; work         ;
;                |sign_div_unsign_bkh:divider| ; 33 (0)              ; 0 (0)                     ; 0           ; 0            ; 0       ; 0         ; 0    ; 0            ; |MaqLavar|display:displayUnit|bin2bcd:bin2bcdTime|lpm_divide:Div0|lpm_divide_jhm:auto_generated|sign_div_unsign_bkh:divider                       ; sign_div_unsign_bkh ; work         ;
;                   |alt_u_div_a4f:divider|    ; 33 (33)             ; 0 (0)                     ; 0           ; 0            ; 0       ; 0         ; 0    ; 0            ; |MaqLavar|display:displayUnit|bin2bcd:bin2bcdTime|lpm_divide:Div0|lpm_divide_jhm:auto_generated|sign_div_unsign_bkh:divider|alt_u_div_a4f:divider ; alt_u_div_a4f       ; work         ;
;          |lpm_divide:Mod0|                   ; 33 (0)              ; 0 (0)                     ; 0           ; 0            ; 0       ; 0         ; 0    ; 0            ; |MaqLavar|display:displayUnit|bin2bcd:bin2bcdTime|lpm_divide:Mod0                                                                                 ; lpm_divide          ; work         ;
;             |lpm_divide_m9m:auto_generated|  ; 33 (0)              ; 0 (0)                     ; 0           ; 0            ; 0       ; 0         ; 0    ; 0            ; |MaqLavar|display:displayUnit|bin2bcd:bin2bcdTime|lpm_divide:Mod0|lpm_divide_m9m:auto_generated                                                   ; lpm_divide_m9m      ; work         ;
;                |sign_div_unsign_bkh:divider| ; 33 (0)              ; 0 (0)                     ; 0           ; 0            ; 0       ; 0         ; 0    ; 0            ; |MaqLavar|display:displayUnit|bin2bcd:bin2bcdTime|lpm_divide:Mod0|lpm_divide_m9m:auto_generated|sign_div_unsign_bkh:divider                       ; sign_div_unsign_bkh ; work         ;
;                   |alt_u_div_a4f:divider|    ; 33 (33)             ; 0 (0)                     ; 0           ; 0            ; 0       ; 0         ; 0    ; 0            ; |MaqLavar|display:displayUnit|bin2bcd:bin2bcdTime|lpm_divide:Mod0|lpm_divide_m9m:auto_generated|sign_div_unsign_bkh:divider|alt_u_div_a4f:divider ; alt_u_div_a4f       ; work         ;
;    |registerUnit:registerBlock|              ; 136 (0)             ; 56 (4)                    ; 0           ; 0            ; 0       ; 0         ; 0    ; 0            ; |MaqLavar|registerUnit:registerBlock                                                                                                              ; registerUnit        ; work         ;
;       |DebounceUnit:debounceReset|           ; 68 (68)             ; 26 (26)                   ; 0           ; 0            ; 0       ; 0         ; 0    ; 0            ; |MaqLavar|registerUnit:registerBlock|DebounceUnit:debounceReset                                                                                   ; DebounceUnit        ; work         ;
;       |DebounceUnit:debounceStartStop|       ; 68 (68)             ; 26 (26)                   ; 0           ; 0            ; 0       ; 0         ; 0    ; 0            ; |MaqLavar|registerUnit:registerBlock|DebounceUnit:debounceStartStop                                                                               ; DebounceUnit        ; work         ;
+----------------------------------------------+---------------------+---------------------------+-------------+--------------+---------+-----------+------+--------------+---------------------------------------------------------------------------------------------------------------------------------------------------+---------------------+--------------+
Note: For table entries with two numbers listed, the numbers in parentheses indicate the number of resources of the given type used by the specific entity alone. The numbers listed outside of parentheses indicate the total resources of the given type used by the specific entity and all of its sub-entities in the hierarchy.


Encoding Type:  One-Hot
+----------------------------------------------------------------------------------------------+
; State Machine - |MaqLavar|FSM:FSMUnit|pState                                                 ;
+-------------+-------------+------------+-------------+------------+------------+-------------+
; Name        ; pState.tOff ; pState.spn ; pState.wOut ; pState.rns ; pState.wIn ; pState.idle ;
+-------------+-------------+------------+-------------+------------+------------+-------------+
; pState.idle ; 0           ; 0          ; 0           ; 0          ; 0          ; 0           ;
; pState.wIn  ; 0           ; 0          ; 0           ; 0          ; 1          ; 1           ;
; pState.rns  ; 0           ; 0          ; 0           ; 1          ; 0          ; 1           ;
; pState.wOut ; 0           ; 0          ; 1           ; 0          ; 0          ; 1           ;
; pState.spn  ; 0           ; 1          ; 0           ; 0          ; 0          ; 1           ;
; pState.tOff ; 1           ; 0          ; 0           ; 0          ; 0          ; 1           ;
+-------------+-------------+------------+-------------+------------+------------+-------------+


+-------------------------------------------------------------------------------------------------------+
; User-Specified and Inferred Latches                                                                   ;
+----------------------------------------------------+-------------------------+------------------------+
; Latch Name                                         ; Latch Enable Signal     ; Free of Timing Hazards ;
+----------------------------------------------------+-------------------------+------------------------+
; FSM:FSMUnit|s_program[0]                           ; FSM:FSMUnit|pState.idle ; yes                    ;
; FSM:FSMUnit|s_program[1]                           ; FSM:FSMUnit|pState.idle ; yes                    ;
; FSM:FSMUnit|s_program[2]                           ; FSM:FSMUnit|pState.idle ; yes                    ;
; FSM:FSMUnit|s_program[3]                           ; FSM:FSMUnit|pState.idle ; yes                    ;
; FSM:FSMUnit|nProgramEnd                            ; FSM:FSMUnit|Selector10  ; yes                    ;
; FSM:FSMUnit|nCycle                                 ; FSM:FSMUnit|Selector11  ; yes                    ;
; Number of user-specified and inferred latches = 6  ;                         ;                        ;
+----------------------------------------------------+-------------------------+------------------------+
Note: All latches listed above may not be present at the end of synthesis due to various synthesis optimizations.


+------------------------------------------------------+
; General Register Statistics                          ;
+----------------------------------------------+-------+
; Statistic                                    ; Value ;
+----------------------------------------------+-------+
; Total registers                              ; 105   ;
; Number of registers using Synchronous Clear  ; 27    ;
; Number of registers using Synchronous Load   ; 0     ;
; Number of registers using Asynchronous Clear ; 0     ;
; Number of registers using Asynchronous Load  ; 0     ;
; Number of registers using Clock Enable       ; 45    ;
; Number of registers using Preset             ; 0     ;
+----------------------------------------------+-------+


+---------------------------------------------------+
; Inverted Register Statistics                      ;
+-----------------------------------------+---------+
; Inverted Register                       ; Fan out ;
+-----------------------------------------+---------+
; Timer:timerAux|s_counter[0]             ; 10      ;
; Timer:timerAux|s_counter[1]             ; 8       ;
; Timer:timerAux|s_counter[2]             ; 10      ;
; Timer:timerAux|s_counter[3]             ; 9       ;
; Timer:timerAux|s_counter[4]             ; 10      ;
; Timer:timerAux|s_counter[5]             ; 10      ;
; FSM:FSMUnit|s_timeEn                    ; 5       ;
; FSM:FSMUnit|diffState                   ; 16      ;
; Timer:timerAux|s_counter[6]             ; 2       ;
; Timer:timerAux|s_counter[7]             ; 2       ;
; Total number of inverted registers = 10 ;         ;
+-----------------------------------------+---------+


+-----------------------------------------------------------------------------------------------------------------------------------------------------------------------------------------------------+
; Multiplexer Restructuring Statistics (Restructuring Performed)                                                                                                                                      ;
+--------------------+-----------+---------------+----------------------+------------------------+------------+---------------------------------------------------------------------------------------+
; Multiplexer Inputs ; Bus Width ; Baseline Area ; Area if Restructured ; Saving if Restructured ; Registered ; Example Multiplexer Output                                                            ;
+--------------------+-----------+---------------+----------------------+------------------------+------------+---------------------------------------------------------------------------------------+
; 3:1                ; 26 bits   ; 52 LEs        ; 26 LEs               ; 26 LEs                 ; Yes        ; |MaqLavar|PulseGen:pulseGenUnit|s_counter[21]                                         ;
; 5:1                ; 23 bits   ; 69 LEs        ; 46 LEs               ; 23 LEs                 ; Yes        ; |MaqLavar|registerUnit:registerBlock|DebounceUnit:debounceStartStop|s_debounceCnt[22] ;
; 5:1                ; 23 bits   ; 69 LEs        ; 46 LEs               ; 23 LEs                 ; Yes        ; |MaqLavar|registerUnit:registerBlock|DebounceUnit:debounceReset|s_debounceCnt[22]     ;
; 4:1                ; 6 bits    ; 12 LEs        ; 12 LEs               ; 0 LEs                  ; Yes        ; |MaqLavar|Timer:timerAux|s_counter[7]                                                 ;
+--------------------+-----------+---------------+----------------------+------------------------+------------+---------------------------------------------------------------------------------------+


+----------------------------------------------------------------------------------------------------+
; Parameter Settings for User Entity Instance: registerUnit:registerBlock|DebounceUnit:debounceReset ;
+----------------+-------+---------------------------------------------------------------------------+
; Parameter Name ; Value ; Type                                                                      ;
+----------------+-------+---------------------------------------------------------------------------+
; khzclkfreq     ; 50000 ; Signed Integer                                                            ;
; msecmininwidth ; 100   ; Signed Integer                                                            ;
; inpolarity     ; '0'   ; Enumerated                                                                ;
; outpolarity    ; '1'   ; Enumerated                                                                ;
+----------------+-------+---------------------------------------------------------------------------+
Note: In order to hide this table in the UI and the text report file, please set the "Show Parameter Settings in Synthesis Report" option in "Analysis and Synthesis Settings -> More Settings" to "Off".


+--------------------------------------------------------------------------------------------------------+
; Parameter Settings for User Entity Instance: registerUnit:registerBlock|DebounceUnit:debounceStartStop ;
+----------------+-------+-------------------------------------------------------------------------------+
; Parameter Name ; Value ; Type                                                                          ;
+----------------+-------+-------------------------------------------------------------------------------+
; khzclkfreq     ; 50000 ; Signed Integer                                                                ;
; msecmininwidth ; 100   ; Signed Integer                                                                ;
; inpolarity     ; '0'   ; Enumerated                                                                    ;
; outpolarity    ; '1'   ; Enumerated                                                                    ;
+----------------+-------+-------------------------------------------------------------------------------+
Note: In order to hide this table in the UI and the text report file, please set the "Show Parameter Settings in Synthesis Report" option in "Analysis and Synthesis Settings -> More Settings" to "Off".


+--------------------------------------------------------------------+
; Parameter Settings for User Entity Instance: PulseGen:pulseGenUnit ;
+----------------+----------+----------------------------------------+
; Parameter Name ; Value    ; Type                                   ;
+----------------+----------+----------------------------------------+
; n              ; 50000000 ; Signed Integer                         ;
+----------------+----------+----------------------------------------+
Note: In order to hide this table in the UI and the text report file, please set the "Show Parameter Settings in Synthesis Report" option in "Analysis and Synthesis Settings -> More Settings" to "Off".


+----------------------------------------------------------------------------------------------------------+
; Parameter Settings for Inferred Entity Instance: display:displayUnit|bin2bcd:bin2bcdTime|lpm_divide:Mod0 ;
+------------------------+----------------+----------------------------------------------------------------+
; Parameter Name         ; Value          ; Type                                                           ;
+------------------------+----------------+----------------------------------------------------------------+
; LPM_WIDTHN             ; 6              ; Untyped                                                        ;
; LPM_WIDTHD             ; 6              ; Untyped                                                        ;
; LPM_NREPRESENTATION    ; UNSIGNED       ; Untyped                                                        ;
; LPM_DREPRESENTATION    ; UNSIGNED       ; Untyped                                                        ;
; LPM_PIPELINE           ; 0              ; Untyped                                                        ;
; LPM_REMAINDERPOSITIVE  ; TRUE           ; Untyped                                                        ;
; MAXIMIZE_SPEED         ; 5              ; Untyped                                                        ;
; CBXI_PARAMETER         ; lpm_divide_m9m ; Untyped                                                        ;
; CARRY_CHAIN            ; MANUAL         ; Untyped                                                        ;
; OPTIMIZE_FOR_SPEED     ; 5              ; Untyped                                                        ;
; AUTO_CARRY_CHAINS      ; ON             ; AUTO_CARRY                                                     ;
; IGNORE_CARRY_BUFFERS   ; OFF            ; IGNORE_CARRY                                                   ;
; AUTO_CASCADE_CHAINS    ; ON             ; AUTO_CASCADE                                                   ;
; IGNORE_CASCADE_BUFFERS ; OFF            ; IGNORE_CASCADE                                                 ;
+------------------------+----------------+----------------------------------------------------------------+
Note: In order to hide this table in the UI and the text report file, please set the "Show Parameter Settings in Synthesis Report" option in "Analysis and Synthesis Settings -> More Settings" to "Off".


+----------------------------------------------------------------------------------------------------------+
; Parameter Settings for Inferred Entity Instance: display:displayUnit|bin2bcd:bin2bcdTime|lpm_divide:Div0 ;
+------------------------+----------------+----------------------------------------------------------------+
; Parameter Name         ; Value          ; Type                                                           ;
+------------------------+----------------+----------------------------------------------------------------+
; LPM_WIDTHN             ; 6              ; Untyped                                                        ;
; LPM_WIDTHD             ; 6              ; Untyped                                                        ;
; LPM_NREPRESENTATION    ; UNSIGNED       ; Untyped                                                        ;
; LPM_DREPRESENTATION    ; UNSIGNED       ; Untyped                                                        ;
; LPM_PIPELINE           ; 0              ; Untyped                                                        ;
; LPM_REMAINDERPOSITIVE  ; TRUE           ; Untyped                                                        ;
; MAXIMIZE_SPEED         ; 5              ; Untyped                                                        ;
; CBXI_PARAMETER         ; lpm_divide_jhm ; Untyped                                                        ;
; CARRY_CHAIN            ; MANUAL         ; Untyped                                                        ;
; OPTIMIZE_FOR_SPEED     ; 5              ; Untyped                                                        ;
; AUTO_CARRY_CHAINS      ; ON             ; AUTO_CARRY                                                     ;
; IGNORE_CARRY_BUFFERS   ; OFF            ; IGNORE_CARRY                                                   ;
; AUTO_CASCADE_CHAINS    ; ON             ; AUTO_CASCADE                                                   ;
; IGNORE_CASCADE_BUFFERS ; OFF            ; IGNORE_CASCADE                                                 ;
+------------------------+----------------+----------------------------------------------------------------+
Note: In order to hide this table in the UI and the text report file, please set the "Show Parameter Settings in Synthesis Report" option in "Analysis and Synthesis Settings -> More Settings" to "Off".


+-----------------------------------------------------+
; Post-Synthesis Netlist Statistics for Top Partition ;
+-----------------------+-----------------------------+
; Type                  ; Count                       ;
+-----------------------+-----------------------------+
; boundary_port         ; 54                          ;
; cycloneiii_ff         ; 105                         ;
;     ENA               ; 45                          ;
;     SCLR              ; 27                          ;
;     plain             ; 33                          ;
; cycloneiii_lcell_comb ; 344                         ;
;     arith             ; 100                         ;
;         2 data inputs ; 82                          ;
;         3 data inputs ; 18                          ;
;     normal            ; 244                         ;
;         0 data inputs ; 8                           ;
;         1 data inputs ; 10                          ;
;         2 data inputs ; 56                          ;
;         3 data inputs ; 43                          ;
;         4 data inputs ; 127                         ;
;                       ;                             ;
; Max LUT depth         ; 9.20                        ;
; Average LUT depth     ; 4.88                        ;
+-----------------------+-----------------------------+


+-------------------------------+
; Elapsed Time Per Partition    ;
+----------------+--------------+
; Partition Name ; Elapsed Time ;
+----------------+--------------+
; Top            ; 00:00:01     ;
+----------------+--------------+


+-------------------------------+
; Analysis & Synthesis Messages ;
+-------------------------------+
Info: *******************************************************************
Info: Running Quartus Prime Analysis & Synthesis
    Info: Version 20.1.1 Build 720 11/11/2020 SJ Lite Edition
    Info: Processing started: Sun Jun 19 23:18:39 2022
Info: Command: quartus_map --read_settings_files=on --write_settings_files=off MaqLavar -c MaqLavar
Warning (18236): Number of processors has not been specified which may cause overloading on shared machines.  Set the global assignment NUM_PARALLEL_PROCESSORS in your QSF to an appropriate value for best performance.
Info (20030): Parallel compilation is enabled and will use 4 of the 4 processors detected
Info (12021): Found 2 design units, including 1 entities, in source file fsm.vhd
    Info (12022): Found design unit 1: FSM-Behavioral File: C:/Users/gonga/Downloads/UA/Sem2/LSD/LSDProjeto/FSM.vhd Line: 24
    Info (12023): Found entity 1: FSM File: C:/Users/gonga/Downloads/UA/Sem2/LSD/LSDProjeto/FSM.vhd Line: 4
Info (12021): Found 2 design units, including 1 entities, in source file debounceunit.vhd
    Info (12022): Found design unit 1: DebounceUnit-Behavioral File: C:/Users/gonga/Downloads/UA/Sem2/LSD/LSDProjeto/DebounceUnit.vhd Line: 18
    Info (12023): Found entity 1: DebounceUnit File: C:/Users/gonga/Downloads/UA/Sem2/LSD/LSDProjeto/DebounceUnit.vhd Line: 5
Info (12021): Found 2 design units, including 1 entities, in source file display.vhd
    Info (12022): Found design unit 1: display-Behavioral File: C:/Users/gonga/Downloads/UA/Sem2/LSD/LSDProjeto/Display.vhd Line: 17
    Info (12023): Found entity 1: display File: C:/Users/gonga/Downloads/UA/Sem2/LSD/LSDProjeto/Display.vhd Line: 5
Info (12021): Found 2 design units, including 1 entities, in source file timer.vhd
    Info (12022): Found design unit 1: Timer-Behavioral File: C:/Users/gonga/Downloads/UA/Sem2/LSD/LSDProjeto/Timer.vhd Line: 15
    Info (12023): Found entity 1: Timer File: C:/Users/gonga/Downloads/UA/Sem2/LSD/LSDProjeto/Timer.vhd Line: 5
Info (12021): Found 2 design units, including 1 entities, in source file bcd7seg.vhd
    Info (12022): Found design unit 1: bcd7seg-Behavioral File: C:/Users/gonga/Downloads/UA/Sem2/LSD/LSDProjeto/bcd7seg.vhd Line: 9
    Info (12023): Found entity 1: bcd7seg File: C:/Users/gonga/Downloads/UA/Sem2/LSD/LSDProjeto/bcd7seg.vhd Line: 4
Info (12021): Found 2 design units, including 1 entities, in source file registerunit.vhd
    Info (12022): Found design unit 1: registerUnit-Behavioral File: C:/Users/gonga/Downloads/UA/Sem2/LSD/LSDProjeto/registerUnit.vhd Line: 21
    Info (12023): Found entity 1: registerUnit File: C:/Users/gonga/Downloads/UA/Sem2/LSD/LSDProjeto/registerUnit.vhd Line: 5
Info (12021): Found 2 design units, including 1 entities, in source file pulsegen.vhd
    Info (12022): Found design unit 1: PulseGen-Behavioral File: C:/Users/gonga/Downloads/UA/Sem2/LSD/LSDProjeto/PulseGen.vhd Line: 12
    Info (12023): Found entity 1: PulseGen File: C:/Users/gonga/Downloads/UA/Sem2/LSD/LSDProjeto/PulseGen.vhd Line: 5
Info (12021): Found 2 design units, including 1 entities, in source file maqlavar.vhd
    Info (12022): Found design unit 1: MaqLavar-Shell File: C:/Users/gonga/Downloads/UA/Sem2/LSD/LSDProjeto/MaqLavar.vhd Line: 20
    Info (12023): Found entity 1: MaqLavar File: C:/Users/gonga/Downloads/UA/Sem2/LSD/LSDProjeto/MaqLavar.vhd Line: 5
Info (12021): Found 2 design units, including 1 entities, in source file bin2bcd.vhd
    Info (12022): Found design unit 1: bin2bcd-Behavioral File: C:/Users/gonga/Downloads/UA/Sem2/LSD/LSDProjeto/bin2bcd.vhd Line: 10
    Info (12023): Found entity 1: bin2bcd File: C:/Users/gonga/Downloads/UA/Sem2/LSD/LSDProjeto/bin2bcd.vhd Line: 5
Info (12127): Elaborating entity "MaqLavar" for the top level hierarchy
Info (12129): Elaborating entity "registerUnit" using architecture "A:behavioral" for hierarchy "registerUnit:registerBlock" File: C:/Users/gonga/Downloads/UA/Sem2/LSD/LSDProjeto/MaqLavar.vhd Line: 41
Info (12129): Elaborating entity "DebounceUnit" using architecture "A:behavioral" for hierarchy "registerUnit:registerBlock|DebounceUnit:debounceReset" File: C:/Users/gonga/Downloads/UA/Sem2/LSD/LSDProjeto/registerUnit.vhd Line: 32
Info (12129): Elaborating entity "FSM" using architecture "A:behavioral" for hierarchy "FSM:FSMUnit" File: C:/Users/gonga/Downloads/UA/Sem2/LSD/LSDProjeto/MaqLavar.vhd Line: 57
Warning (10492): VHDL Process Statement warning at FSM.vhd(96): signal "p1" is read inside the Process Statement but isn't in the Process Statement's sensitivity list File: C:/Users/gonga/Downloads/UA/Sem2/LSD/LSDProjeto/FSM.vhd Line: 96
Warning (10492): VHDL Process Statement warning at FSM.vhd(96): signal "p2" is read inside the Process Statement but isn't in the Process Statement's sensitivity list File: C:/Users/gonga/Downloads/UA/Sem2/LSD/LSDProjeto/FSM.vhd Line: 96
Warning (10492): VHDL Process Statement warning at FSM.vhd(96): signal "p3" is read inside the Process Statement but isn't in the Process Statement's sensitivity list File: C:/Users/gonga/Downloads/UA/Sem2/LSD/LSDProjeto/FSM.vhd Line: 96
Warning (10492): VHDL Process Statement warning at FSM.vhd(99): signal "p1" is read inside the Process Statement but isn't in the Process Statement's sensitivity list File: C:/Users/gonga/Downloads/UA/Sem2/LSD/LSDProjeto/FSM.vhd Line: 99
Warning (10492): VHDL Process Statement warning at FSM.vhd(99): signal "p2" is read inside the Process Statement but isn't in the Process Statement's sensitivity list File: C:/Users/gonga/Downloads/UA/Sem2/LSD/LSDProjeto/FSM.vhd Line: 99
Warning (10492): VHDL Process Statement warning at FSM.vhd(99): signal "p3" is read inside the Process Statement but isn't in the Process Statement's sensitivity list File: C:/Users/gonga/Downloads/UA/Sem2/LSD/LSDProjeto/FSM.vhd Line: 99
Warning (10492): VHDL Process Statement warning at FSM.vhd(102): signal "p1" is read inside the Process Statement but isn't in the Process Statement's sensitivity list File: C:/Users/gonga/Downloads/UA/Sem2/LSD/LSDProjeto/FSM.vhd Line: 102
Warning (10492): VHDL Process Statement warning at FSM.vhd(102): signal "p2" is read inside the Process Statement but isn't in the Process Statement's sensitivity list File: C:/Users/gonga/Downloads/UA/Sem2/LSD/LSDProjeto/FSM.vhd Line: 102
Warning (10492): VHDL Process Statement warning at FSM.vhd(102): signal "p3" is read inside the Process Statement but isn't in the Process Statement's sensitivity list File: C:/Users/gonga/Downloads/UA/Sem2/LSD/LSDProjeto/FSM.vhd Line: 102
Warning (10492): VHDL Process Statement warning at FSM.vhd(110): signal "startstop" is read inside the Process Statement but isn't in the Process Statement's sensitivity list File: C:/Users/gonga/Downloads/UA/Sem2/LSD/LSDProjeto/FSM.vhd Line: 110
Warning (10492): VHDL Process Statement warning at FSM.vhd(110): signal "door" is read inside the Process Statement but isn't in the Process Statement's sensitivity list File: C:/Users/gonga/Downloads/UA/Sem2/LSD/LSDProjeto/FSM.vhd Line: 110
Warning (10492): VHDL Process Statement warning at FSM.vhd(111): signal "s_program" is read inside the Process Statement but isn't in the Process Statement's sensitivity list File: C:/Users/gonga/Downloads/UA/Sem2/LSD/LSDProjeto/FSM.vhd Line: 111
Warning (10492): VHDL Process Statement warning at FSM.vhd(114): signal "s_program" is read inside the Process Statement but isn't in the Process Statement's sensitivity list File: C:/Users/gonga/Downloads/UA/Sem2/LSD/LSDProjeto/FSM.vhd Line: 114
Warning (10492): VHDL Process Statement warning at FSM.vhd(116): signal "s_program" is read inside the Process Statement but isn't in the Process Statement's sensitivity list File: C:/Users/gonga/Downloads/UA/Sem2/LSD/LSDProjeto/FSM.vhd Line: 116
Warning (10492): VHDL Process Statement warning at FSM.vhd(130): signal "timeExp" is read inside the Process Statement but isn't in the Process Statement's sensitivity list File: C:/Users/gonga/Downloads/UA/Sem2/LSD/LSDProjeto/FSM.vhd Line: 130
Warning (10492): VHDL Process Statement warning at FSM.vhd(142): signal "s_program" is read inside the Process Statement but isn't in the Process Statement's sensitivity list File: C:/Users/gonga/Downloads/UA/Sem2/LSD/LSDProjeto/FSM.vhd Line: 142
Warning (10492): VHDL Process Statement warning at FSM.vhd(142): signal "cycle" is read inside the Process Statement but isn't in the Process Statement's sensitivity list File: C:/Users/gonga/Downloads/UA/Sem2/LSD/LSDProjeto/FSM.vhd Line: 142
Warning (10492): VHDL Process Statement warning at FSM.vhd(149): signal "timeExp" is read inside the Process Statement but isn't in the Process Statement's sensitivity list File: C:/Users/gonga/Downloads/UA/Sem2/LSD/LSDProjeto/FSM.vhd Line: 149
Warning (10492): VHDL Process Statement warning at FSM.vhd(160): signal "timeExp" is read inside the Process Statement but isn't in the Process Statement's sensitivity list File: C:/Users/gonga/Downloads/UA/Sem2/LSD/LSDProjeto/FSM.vhd Line: 160
Warning (10492): VHDL Process Statement warning at FSM.vhd(161): signal "programEnd" is read inside the Process Statement but isn't in the Process Statement's sensitivity list File: C:/Users/gonga/Downloads/UA/Sem2/LSD/LSDProjeto/FSM.vhd Line: 161
Warning (10492): VHDL Process Statement warning at FSM.vhd(164): signal "cycle" is read inside the Process Statement but isn't in the Process Statement's sensitivity list File: C:/Users/gonga/Downloads/UA/Sem2/LSD/LSDProjeto/FSM.vhd Line: 164
Warning (10492): VHDL Process Statement warning at FSM.vhd(164): signal "programEnd" is read inside the Process Statement but isn't in the Process Statement's sensitivity list File: C:/Users/gonga/Downloads/UA/Sem2/LSD/LSDProjeto/FSM.vhd Line: 164
Warning (10492): VHDL Process Statement warning at FSM.vhd(167): signal "cycle" is read inside the Process Statement but isn't in the Process Statement's sensitivity list File: C:/Users/gonga/Downloads/UA/Sem2/LSD/LSDProjeto/FSM.vhd Line: 167
Warning (10492): VHDL Process Statement warning at FSM.vhd(167): signal "programEnd" is read inside the Process Statement but isn't in the Process Statement's sensitivity list File: C:/Users/gonga/Downloads/UA/Sem2/LSD/LSDProjeto/FSM.vhd Line: 167
Warning (10492): VHDL Process Statement warning at FSM.vhd(184): signal "timeExp" is read inside the Process Statement but isn't in the Process Statement's sensitivity list File: C:/Users/gonga/Downloads/UA/Sem2/LSD/LSDProjeto/FSM.vhd Line: 184
Warning (10492): VHDL Process Statement warning at FSM.vhd(196): signal "timeExp" is read inside the Process Statement but isn't in the Process Statement's sensitivity list File: C:/Users/gonga/Downloads/UA/Sem2/LSD/LSDProjeto/FSM.vhd Line: 196
Warning (10631): VHDL Process Statement warning at FSM.vhd(88): inferring latch(es) for signal or variable "nCycle", which holds its previous value in one or more paths through the process File: C:/Users/gonga/Downloads/UA/Sem2/LSD/LSDProjeto/FSM.vhd Line: 88
Warning (10631): VHDL Process Statement warning at FSM.vhd(88): inferring latch(es) for signal or variable "nProgramEnd", which holds its previous value in one or more paths through the process File: C:/Users/gonga/Downloads/UA/Sem2/LSD/LSDProjeto/FSM.vhd Line: 88
Warning (10631): VHDL Process Statement warning at FSM.vhd(88): inferring latch(es) for signal or variable "s_program", which holds its previous value in one or more paths through the process File: C:/Users/gonga/Downloads/UA/Sem2/LSD/LSDProjeto/FSM.vhd Line: 88
Info (10041): Inferred latch for "s_program[0]" at FSM.vhd(88) File: C:/Users/gonga/Downloads/UA/Sem2/LSD/LSDProjeto/FSM.vhd Line: 88
Info (10041): Inferred latch for "s_program[1]" at FSM.vhd(88) File: C:/Users/gonga/Downloads/UA/Sem2/LSD/LSDProjeto/FSM.vhd Line: 88
Info (10041): Inferred latch for "s_program[2]" at FSM.vhd(88) File: C:/Users/gonga/Downloads/UA/Sem2/LSD/LSDProjeto/FSM.vhd Line: 88
Info (10041): Inferred latch for "s_program[3]" at FSM.vhd(88) File: C:/Users/gonga/Downloads/UA/Sem2/LSD/LSDProjeto/FSM.vhd Line: 88
Info (10041): Inferred latch for "nProgramEnd" at FSM.vhd(88) File: C:/Users/gonga/Downloads/UA/Sem2/LSD/LSDProjeto/FSM.vhd Line: 88
Info (10041): Inferred latch for "nCycle" at FSM.vhd(88) File: C:/Users/gonga/Downloads/UA/Sem2/LSD/LSDProjeto/FSM.vhd Line: 88
Info (12129): Elaborating entity "Timer" using architecture "A:behavioral" for hierarchy "Timer:timerAux" File: C:/Users/gonga/Downloads/UA/Sem2/LSD/LSDProjeto/MaqLavar.vhd Line: 76
Info (12129): Elaborating entity "PulseGen" using architecture "A:behavioral" for hierarchy "PulseGen:pulseGenUnit" File: C:/Users/gonga/Downloads/UA/Sem2/LSD/LSDProjeto/MaqLavar.vhd Line: 86
Info (12129): Elaborating entity "display" using architecture "A:behavioral" for hierarchy "display:displayUnit" File: C:/Users/gonga/Downloads/UA/Sem2/LSD/LSDProjeto/MaqLavar.vhd Line: 94
Info (12129): Elaborating entity "bin2bcd" using architecture "A:behavioral" for hierarchy "display:displayUnit|bin2bcd:bin2bcdTime" File: C:/Users/gonga/Downloads/UA/Sem2/LSD/LSDProjeto/Display.vhd Line: 22
Info (12129): Elaborating entity "bcd7seg" using architecture "A:behavioral" for hierarchy "display:displayUnit|bcd7seg:bcd7segEqual" File: C:/Users/gonga/Downloads/UA/Sem2/LSD/LSDProjeto/Display.vhd Line: 28
Info (278001): Inferred 2 megafunctions from design logic
    Info (278004): Inferred divider/modulo megafunction ("lpm_divide") from the following logic: "display:displayUnit|bin2bcd:bin2bcdTime|Mod0" File: C:/Users/gonga/Downloads/UA/Sem2/LSD/LSDProjeto/bin2bcd.vhd Line: 21
    Info (278004): Inferred divider/modulo megafunction ("lpm_divide") from the following logic: "display:displayUnit|bin2bcd:bin2bcdTime|Div0" File: C:/Users/gonga/Downloads/UA/Sem2/LSD/LSDProjeto/bin2bcd.vhd Line: 20
Info (12130): Elaborated megafunction instantiation "display:displayUnit|bin2bcd:bin2bcdTime|lpm_divide:Mod0" File: C:/Users/gonga/Downloads/UA/Sem2/LSD/LSDProjeto/bin2bcd.vhd Line: 21
Info (12133): Instantiated megafunction "display:displayUnit|bin2bcd:bin2bcdTime|lpm_divide:Mod0" with the following parameter: File: C:/Users/gonga/Downloads/UA/Sem2/LSD/LSDProjeto/bin2bcd.vhd Line: 21
    Info (12134): Parameter "LPM_WIDTHN" = "6"
    Info (12134): Parameter "LPM_WIDTHD" = "6"
    Info (12134): Parameter "LPM_NREPRESENTATION" = "UNSIGNED"
    Info (12134): Parameter "LPM_DREPRESENTATION" = "UNSIGNED"
Info (12021): Found 1 design units, including 1 entities, in source file db/lpm_divide_m9m.tdf
    Info (12023): Found entity 1: lpm_divide_m9m File: C:/Users/gonga/Downloads/UA/Sem2/LSD/LSDProjeto/db/lpm_divide_m9m.tdf Line: 25
Info (12021): Found 1 design units, including 1 entities, in source file db/sign_div_unsign_bkh.tdf
    Info (12023): Found entity 1: sign_div_unsign_bkh File: C:/Users/gonga/Downloads/UA/Sem2/LSD/LSDProjeto/db/sign_div_unsign_bkh.tdf Line: 25
Info (12021): Found 1 design units, including 1 entities, in source file db/alt_u_div_a4f.tdf
    Info (12023): Found entity 1: alt_u_div_a4f File: C:/Users/gonga/Downloads/UA/Sem2/LSD/LSDProjeto/db/alt_u_div_a4f.tdf Line: 27
Info (12021): Found 1 design units, including 1 entities, in source file db/add_sub_7pc.tdf
    Info (12023): Found entity 1: add_sub_7pc File: C:/Users/gonga/Downloads/UA/Sem2/LSD/LSDProjeto/db/add_sub_7pc.tdf Line: 23
Info (12021): Found 1 design units, including 1 entities, in source file db/add_sub_8pc.tdf
    Info (12023): Found entity 1: add_sub_8pc File: C:/Users/gonga/Downloads/UA/Sem2/LSD/LSDProjeto/db/add_sub_8pc.tdf Line: 23
Info (12130): Elaborated megafunction instantiation "display:displayUnit|bin2bcd:bin2bcdTime|lpm_divide:Div0" File: C:/Users/gonga/Downloads/UA/Sem2/LSD/LSDProjeto/bin2bcd.vhd Line: 20
Info (12133): Instantiated megafunction "display:displayUnit|bin2bcd:bin2bcdTime|lpm_divide:Div0" with the following parameter: File: C:/Users/gonga/Downloads/UA/Sem2/LSD/LSDProjeto/bin2bcd.vhd Line: 20
    Info (12134): Parameter "LPM_WIDTHN" = "6"
    Info (12134): Parameter "LPM_WIDTHD" = "6"
    Info (12134): Parameter "LPM_NREPRESENTATION" = "UNSIGNED"
    Info (12134): Parameter "LPM_DREPRESENTATION" = "UNSIGNED"
Info (12021): Found 1 design units, including 1 entities, in source file db/lpm_divide_jhm.tdf
    Info (12023): Found entity 1: lpm_divide_jhm File: C:/Users/gonga/Downloads/UA/Sem2/LSD/LSDProjeto/db/lpm_divide_jhm.tdf Line: 25
Info (13025): Duplicate LATCH primitives merged into single LATCH primitive
    Info (13026): Duplicate LATCH primitive "FSM:FSMUnit|s_program[3]" merged with LATCH primitive "FSM:FSMUnit|s_program[2]" File: C:/Users/gonga/Downloads/UA/Sem2/LSD/LSDProjeto/FSM.vhd Line: 88
Warning (13012): Latch FSM:FSMUnit|nProgramEnd has unsafe behavior File: C:/Users/gonga/Downloads/UA/Sem2/LSD/LSDProjeto/FSM.vhd Line: 32
    Warning (13013): Ports D and ENA on the latch are fed by the same signal FSM:FSMUnit|programEnd File: C:/Users/gonga/Downloads/UA/Sem2/LSD/LSDProjeto/FSM.vhd Line: 32
Warning (13012): Latch FSM:FSMUnit|nCycle has unsafe behavior File: C:/Users/gonga/Downloads/UA/Sem2/LSD/LSDProjeto/FSM.vhd Line: 32
    Warning (13013): Ports D and ENA on the latch are fed by the same signal FSM:FSMUnit|cycle File: C:/Users/gonga/Downloads/UA/Sem2/LSD/LSDProjeto/FSM.vhd Line: 32
Warning (13024): Output pins are stuck at VCC or GND
    Warning (13410): Pin "LEDG[4]" is stuck at GND File: C:/Users/gonga/Downloads/UA/Sem2/LSD/LSDProjeto/MaqLavar.vhd Line: 11
    Warning (13410): Pin "LEDG[5]" is stuck at GND File: C:/Users/gonga/Downloads/UA/Sem2/LSD/LSDProjeto/MaqLavar.vhd Line: 11
    Warning (13410): Pin "LEDG[6]" is stuck at GND File: C:/Users/gonga/Downloads/UA/Sem2/LSD/LSDProjeto/MaqLavar.vhd Line: 11
    Warning (13410): Pin "HEX1[0]" is stuck at GND File: C:/Users/gonga/Downloads/UA/Sem2/LSD/LSDProjeto/MaqLavar.vhd Line: 13
    Warning (13410): Pin "HEX1[1]" is stuck at GND File: C:/Users/gonga/Downloads/UA/Sem2/LSD/LSDProjeto/MaqLavar.vhd Line: 13
    Warning (13410): Pin "HEX1[2]" is stuck at VCC File: C:/Users/gonga/Downloads/UA/Sem2/LSD/LSDProjeto/MaqLavar.vhd Line: 13
    Warning (13410): Pin "HEX1[3]" is stuck at VCC File: C:/Users/gonga/Downloads/UA/Sem2/LSD/LSDProjeto/MaqLavar.vhd Line: 13
    Warning (13410): Pin "HEX1[4]" is stuck at GND File: C:/Users/gonga/Downloads/UA/Sem2/LSD/LSDProjeto/MaqLavar.vhd Line: 13
    Warning (13410): Pin "HEX1[5]" is stuck at GND File: C:/Users/gonga/Downloads/UA/Sem2/LSD/LSDProjeto/MaqLavar.vhd Line: 13
    Warning (13410): Pin "HEX1[6]" is stuck at GND File: C:/Users/gonga/Downloads/UA/Sem2/LSD/LSDProjeto/MaqLavar.vhd Line: 13
    Warning (13410): Pin "HEX6[0]" is stuck at VCC File: C:/Users/gonga/Downloads/UA/Sem2/LSD/LSDProjeto/MaqLavar.vhd Line: 16
    Warning (13410): Pin "HEX6[1]" is stuck at VCC File: C:/Users/gonga/Downloads/UA/Sem2/LSD/LSDProjeto/MaqLavar.vhd Line: 16
    Warning (13410): Pin "HEX6[2]" is stuck at VCC File: C:/Users/gonga/Downloads/UA/Sem2/LSD/LSDProjeto/MaqLavar.vhd Line: 16
    Warning (13410): Pin "HEX6[4]" is stuck at VCC File: C:/Users/gonga/Downloads/UA/Sem2/LSD/LSDProjeto/MaqLavar.vhd Line: 16
    Warning (13410): Pin "HEX6[5]" is stuck at VCC File: C:/Users/gonga/Downloads/UA/Sem2/LSD/LSDProjeto/MaqLavar.vhd Line: 16
Info (286030): Timing-Driven Synthesis is running
Info (16010): Generating hard_block partition "hard_block:auto_generated_inst"
    Info (16011): Adding 0 node(s), including 0 DDIO, 0 PLL, 0 transceiver and 0 LCELL
Info (21057): Implemented 403 device resources after synthesis - the final resource count might be different
    Info (21058): Implemented 7 input pins
    Info (21059): Implemented 47 output pins
    Info (21061): Implemented 349 logic cells
Info: Quartus Prime Analysis & Synthesis was successful. 0 errors, 50 warnings
    Info: Peak virtual memory: 4815 megabytes
    Info: Processing ended: Sun Jun 19 23:18:48 2022
    Info: Elapsed time: 00:00:09
    Info: Total CPU time (on all processors): 00:00:19


